C51 COMPILER V9.01   ADC0804                                                               08/26/2016 15:00:46 PAGE 1   


C51 COMPILER V9.01, COMPILATION OF MODULE ADC0804
OBJECT MODULE PLACED IN ADC0804.OBJ
COMPILER INVOKED BY: C:\Keil\C51\BIN\C51.EXE ADC0804.c BROWSE DEBUG OBJECTEXTEND

line level    source

   1          #include <AT89X52.h>
   2          #include "ADC0804.h"
   3          
   4          sbit cs = P3^6;
   5          sbit rd = P3^5;
   6          sbit wr = P3^4;
   7          
   8          uchar adc_value_temp;
   9          
  10          uchar gat_adcValue()
  11          {
  12   1              P0 = 0xff;
  13   1              cs = 0;
  14   1              Delay(5);
  15   1              wr = 0;
  16   1              Delay(5);
  17   1              wr = 1;
  18   1              //cs = 1;
  19   1              Delay(100);
  20   1              rd = 0;
  21   1              Delay(50);
  22   1              adc_value_temp = P0;
  23   1              rd = 1;
  24   1              cs = 1;
  25   1              return adc_value_temp;
  26   1      }
  27          


MODULE INFORMATION:   STATIC OVERLAYABLE
   CODE SIZE        =     49    ----
   CONSTANT SIZE    =   ----    ----
   XDATA SIZE       =   ----    ----
   PDATA SIZE       =   ----    ----
   DATA SIZE        =      1    ----
   IDATA SIZE       =   ----    ----
   BIT SIZE         =   ----    ----
END OF MODULE INFORMATION.


C51 COMPILATION COMPLETE.  0 WARNING(S),  0 ERROR(S)
