C51 COMPILER V9.01   BED                                                                   08/12/2016 12:54:11 PAGE 1   


C51 COMPILER V9.01, COMPILATION OF MODULE BED
OBJECT MODULE PLACED IN bed.OBJ
COMPILER INVOKED BY: C:\Keil\C51\BIN\C51.EXE bed.c BROWSE DEBUG OBJECTEXTEND

line level    source

   1          #include <AT89X52.h>
   2          #include <intrins.h>
   3          #include <digital.c>
*** WARNING C318 IN LINE 3 OF bed.c: can't open file 'digital.c'
   4          
   5          
   6          
   7          sbit key = P3^5;
   8          sbit key_ = P3^4;
   9          int i = 0;
  10          int num;
  11          
  12          void setup()
  13          {       
  14   1      
  15   1              num = 500;
  16   1              TMOD = 0X01;
  17   1              TH0 = (65536 - num)/256;
  18   1              TH0 = (65536 - num)%256;
  19   1              EA  = 1;
  20   1              ET0  = 1;
  21   1      }
  22          
  23          void loop()
  24          {
  25   1              while(1)                         
  26   1              {       
  27   2                      show(i);
*** WARNING C206 IN LINE 27 OF BED.C: 'show': missing function-prototype
*** ERROR C267 IN LINE 27 OF BED.C: 'show': requires ANSI-style prototype
  28   2      
  29   2                      if (key == 0 )
  30   2                      {               
  31   3                              i++;
  32   3                              key = 1;
  33   3                              Delay(2);
  34   3                              while( key == 0 )
  35   3                              {
  36   4                                      show(i);
  37   4                              }
  38   3                              
  39   3                      }
  40   2                      
  41   2                      if (key_ == 0 )
  42   2                      {       
  43   3                              key_ = 1;
  44   3                              i++;    
  45   3                      }
  46   2                              
  47   2              }
  48   1      }
  49          
  50          
  51          
  52          
C51 COMPILER V9.01   BED                                                                   08/12/2016 12:54:11 PAGE 2   

  53          void receive_data()     interrupt 1
  54          {
  55   1              TH0 = (65536 - num)/256;
  56   1              TH0 = (65536 - num)%256;
  57   1      }
  58          
  59          
  60          
  61          

C51 COMPILATION COMPLETE.  2 WARNING(S),  1 ERROR(S)
