C51 COMPILER V9.01   DAC0832                                                               08/26/2016 15:00:47 PAGE 1   


C51 COMPILER V9.01, COMPILATION OF MODULE DAC0832
OBJECT MODULE PLACED IN DAC0832.OBJ
COMPILER INVOKED BY: C:\Keil\C51\BIN\C51.EXE DAC0832.c BROWSE DEBUG OBJECTEXTEND

line level    source

   1          #include "DAC0832.h"
   2          
   3          #include "AT89X52.h"
   4          sbit dac_cs = P3^0;
   5          sbit dac_wr1 = P3^1;
   6           
   7          
   8          void dac_write(uchar value)
   9          {
  10   1              dac_cs = 0;
  11   1              P1 = value;
  12   1              dac_wr1 = 0;
  13   1              Delay(10);
  14   1              dac_cs = 1;
  15   1              dac_wr1 = 1;
  16   1      }


MODULE INFORMATION:   STATIC OVERLAYABLE
   CODE SIZE        =     18    ----
   CONSTANT SIZE    =   ----    ----
   XDATA SIZE       =   ----    ----
   PDATA SIZE       =   ----    ----
   DATA SIZE        =   ----    ----
   IDATA SIZE       =   ----    ----
   BIT SIZE         =   ----    ----
END OF MODULE INFORMATION.


C51 COMPILATION COMPLETE.  0 WARNING(S),  0 ERROR(S)
