C51 COMPILER V9.01   DIGITAL_SHOW                                                          08/26/2016 15:10:32 PAGE 1   


C51 COMPILER V9.01, COMPILATION OF MODULE DIGITAL_SHOW
OBJECT MODULE PLACED IN digital_show.OBJ
COMPILER INVOKED BY: C:\Keil\C51\BIN\C51.EXE digital_show.c BROWSE DEBUG OBJECTEXTEND

line level    source

   1          
   2          #include "digital_show.h"
   3          #include <AT89X52.h>
   4          #include <intrins.h>
   5          
   6          /******
   7          * #pragma ASM
   8          * nop:
   9          * #pragma ENDASM,
  10          *******/
  11          
  12          
  13          uchar code duan[]=                                      //Êý×Ö0~9£¬
  14                                 {0x3f,0x06,0x5b,
  15                                      0x4f,0x66,0x6d,
  16                                          0x7d,0x07,0x7f,
  17                                          0x6f,0x77,0x7c,0x39,0x5e,0x79,
  18                                          0x71,0x40};
  19          
  20          uchar code wei[]=                                          //ÊýÂë¹Ü0~7£¬
  21                                 {0x08,0x09,0x0a,0x0b,
  22                                      0x0c,0x0d,0x0e,0x0f};
  23          
  24          
  25          
  26          void DelayMicroseconds(uint us)
  27          {
*** WARNING C235 IN LINE 27 OF DIGITAL_SHOW.C: parameter 1: different types
  28   1              ;
  29   1              while( --us );
  30   1      }
  31          
  32          void Delay_ms(uint ms)
  33          {
  34   1              ms = ms + 1;
  35   1              while( --ms )
  36   1              DelayMicroseconds(1000);
  37   1      }
  38          
  39          void Delay(int us)
  40          {
  41   1              while( us>0 )
  42   1              {
  43   2                      us--;
  44   2              }
  45   1      }
  46          
  47          
  48          void Show( uint num )
  49          {
  50   1              char i;   
  51   1              char a;
  52   1              for ( i = 0; i<8; i++ )
  53   1              {
  54   2                      a = num%10;
C51 COMPILER V9.01   DIGITAL_SHOW                                                          08/26/2016 15:10:32 PAGE 2   

  55   2                      num = num/10;
  56   2                      P2=(P2&0xf8)|wei[i];    
  57   2                      P0=duan[a];
  58   2                      Delay(100);
  59   2                      P0 = 0x00;
  60   2                      if (num == 0) break;
  61   2              }
  62   1              P2 = P2|0x07;
  63   1      }


MODULE INFORMATION:   STATIC OVERLAYABLE
   CODE SIZE        =    164    ----
   CONSTANT SIZE    =     25    ----
   XDATA SIZE       =   ----    ----
   PDATA SIZE       =   ----    ----
   DATA SIZE        =   ----       2
   IDATA SIZE       =   ----    ----
   BIT SIZE         =   ----    ----
END OF MODULE INFORMATION.


C51 COMPILATION COMPLETE.  1 WARNING(S),  0 ERROR(S)
