C51 COMPILER V9.01   DIGITAL                                                               08/12/2016 12:49:36 PAGE 1   


C51 COMPILER V9.01, COMPILATION OF MODULE DIGITAL
OBJECT MODULE PLACED IN digital.OBJ
COMPILER INVOKED BY: C:\Keil\C51\BIN\C51.EXE digital.c BROWSE DEBUG OBJECTEXTEND

line level    source

   1          #ifndef digital_c
   2          #define digital_c
   3          
   4          #include <AT89X52.h>
   5          #define uchar unsigned char
   6          #define uint  unsigned int
   7          
   8          
   9          uchar code duan[]=                                      //Êý×Ö0~9£¬
  10                                 {0x3f,0x06,0x5b,
  11                                      0x4f,0x66,0x6d,
  12                                          0x7d,0x07,0x7f,
  13                                          0x6f,0x77,0x7c,0x39,0x5e,0x79,
  14                                          0x71,0x40};
  15          
  16          uchar code wei[]=                                          //ÊýÂë¹Ü0~7£¬
  17                                 {0x07,0x06,0x05,0x04,
  18                                      0x03,0x02,0x01,0x00};
  19          
  20          
  21          void Delay(int ms)
  22          {
  23   1              int i;
  24   1              int j;
  25   1              for ( i = ms; ms > 0; ms --  )
  26   1              {
  27   2                      for ( j = 10; j > 0; j-- )
  28   2                      {
  29   3                              ;
  30   3                      }
  31   2              }
  32   1      }
  33          
  34          void show( int num )
  35          {
  36   1              char i;   
  37   1              char a[8];
  38   1              for ( i = 7; i>=0; i-- )
  39   1              {
  40   2                      a[i] = num%10;
  41   2                      num = num/10;
  42   2              }
  43   1                       
  44   1              for(i=0;i < 8; i++ )
  45   1              {                                                           
  46   2                      P2=wei[i];
  47   2                      Delay(5);       
  48   2                      P0=duan[a[i]];
  49   2                      Delay(5);
  50   2                      P0=0x00;
  51   2               }
  52   1      }
  53          
  54          #endif

C51 COMPILER V9.01   DIGITAL                                                               08/12/2016 12:49:36 PAGE 2   


MODULE INFORMATION:   STATIC OVERLAYABLE
   CODE SIZE        =    151    ----
   CONSTANT SIZE    =     25    ----
   XDATA SIZE       =   ----    ----
   PDATA SIZE       =   ----    ----
   DATA SIZE        =   ----      12
   IDATA SIZE       =   ----    ----
   BIT SIZE         =   ----    ----
END OF MODULE INFORMATION.


C51 COMPILATION COMPLETE.  0 WARNING(S),  0 ERROR(S)
