C51 COMPILER V9.01   IR                                                                    08/26/2016 15:00:47 PAGE 1   


C51 COMPILER V9.01, COMPILATION OF MODULE IR
OBJECT MODULE PLACED IN IR.OBJ
COMPILER INVOKED BY: C:\Keil\C51\BIN\C51.EXE IR.c BROWSE DEBUG OBJECTEXTEND

line level    source

   1          #include <AT89X52.h>
   2          #include "digital_show.h"
   3          
   4          sbit Ir_InPin = P3^2;
   5          
   6          
   7          void delay_560(void)   //误差 0us
   8          {
   9   1          unsigned char a,b,c;
  10   1          for(c=1;c>0;c--)
  11   1              for(b=2;b>0;b--)
  12   1                  for(a=137;a>0;a--);
  13   1      }
  14          void IR_Init()
  15          {
  16   1               TMOD = 0x11;
  17   1               EA = 1;
  18   1               ET0 = 1;
  19   1      
  20   1               IT0 = 1; //下降沿有效
  21   1               EX0 = 1; //打开INT0
  22   1      
  23   1               TR0 = 0;
  24   1               Ir_InPin = 1;
  25   1      }
  26          
  27          
  28          void IR_Send()
  29          {
  30   1                      
  31   1      }
  32          
  33          void IR_Read() interrupt 0
  34          {
  35   1              if ( Ir_InPin == 0 )
  36   1              {
  37   2                      while (Ir_InPin == 0);
  38   2      
  39   2              }       
  40   1      
  41   1              if (Ir_InPin == 1)
  42   1              {
  43   2                      while (Ir_InPin == 1);
  44   2              }
  45   1      }


MODULE INFORMATION:   STATIC OVERLAYABLE
   CODE SIZE        =     43    ----
   CONSTANT SIZE    =   ----    ----
   XDATA SIZE       =   ----    ----
   PDATA SIZE       =   ----    ----
   DATA SIZE        =   ----    ----
   IDATA SIZE       =   ----    ----
   BIT SIZE         =   ----    ----
C51 COMPILER V9.01   IR                                                                    08/26/2016 15:00:47 PAGE 2   

END OF MODULE INFORMATION.


C51 COMPILATION COMPLETE.  0 WARNING(S),  0 ERROR(S)
