C51 COMPILER V9.01   PROJECT2                                                              08/07/2016 21:27:26 PAGE 1   


C51 COMPILER V9.01, COMPILATION OF MODULE PROJECT2
OBJECT MODULE PLACED IN project2.OBJ
COMPILER INVOKED BY: C:\Keil\C51\BIN\C51.EXE project2.c BROWSE DEBUG OBJECTEXTEND

line level    source

   1          #include <AT89X51.H>
   2          #include <math.h>
   3          #include <intrins.h>      //_crol_
   4          #include "add.c"
   5          #define uchar unsigned char
   6          #define uint unsigned int
   7          sbit d=P1;
   8                 sbit bell=P1^0;
   9                     sbit l1=P0^1;
  10                     sbit bells=P0^0;
  11                     sbit k1=P3^5;
  12                     sbit k2=P3^4;
  13                     sbit k3=P3^3;
  14                     sbit k4=P3^2; 
  15          
  16                     uint num;
  17          
  18                     uchar code duan[]=                                   //Êý×Ö0~9£¬
  19                                 {0x3f,0x06,0x5b,0x4f,
  20                                      0x66,0x6d,0x7d,0x07,
  21                                          0x7f,0x6f,0x77,0x7c,
  22                                          0x39,0x5e,0x79,0x71,0x40};
  23          
  24          void delay(int t);
  25          
  26          
  27          sbit s = P0^1;
  28          sbit v = P0^3;
  29          void main()
  30          {
  31   1              while (1)
  32   1              {
  33   2                      s = 1;
  34   2                      v = 0;
  35   2              }
  36   1      }
  37          
  38          
  39          void t0_time() interrupt 0
  40          
  41          {
  42   1        TH0=(65536-45872)/256;
  43   1        TL0=(65536-45872)%256;
  44   1        num++;
  45   1      }
  46          
  47          void delay(int t)       
  48           {       
  49   1              uint v;
  50   1              for(t;t>0;t--)
  51   1                      for(v=123;v>0;v--)
  52   1                      ;
  53   1      }


C51 COMPILER V9.01   PROJECT2                                                              08/07/2016 21:27:26 PAGE 2   

MODULE INFORMATION:   STATIC OVERLAYABLE
   CODE SIZE        =     57    ----
   CONSTANT SIZE    =     17    ----
   XDATA SIZE       =   ----    ----
   PDATA SIZE       =   ----    ----
   DATA SIZE        =      2    ----
   IDATA SIZE       =   ----    ----
   BIT SIZE         =   ----    ----
END OF MODULE INFORMATION.


C51 COMPILATION COMPLETE.  0 WARNING(S),  0 ERROR(S)
