C51 COMPILER V9.01   SERVO                                                                 08/26/2016 15:00:46 PAGE 1   


C51 COMPILER V9.01, COMPILATION OF MODULE SERVO
OBJECT MODULE PLACED IN servo.OBJ
COMPILER INVOKED BY: C:\Keil\C51\BIN\C51.EXE servo.c BROWSE DEBUG OBJECTEXTEND

line level    source

   1          #include "servo.h"
   2          #include "digital_show.h"
   3          #include <AT89X52.h>
   4          sbit control_pin = P3^7;
   5          
   6          void ServoMove(int angle)
   7          {
   8   1              control_pin = 1;
   9   1              DelayMicroseconds(angle);
  10   1              control_pin = 0;
  11   1              DelayMicroseconds(10000-angle);
  12   1      } 


MODULE INFORMATION:   STATIC OVERLAYABLE
   CODE SIZE        =     25    ----
   CONSTANT SIZE    =   ----    ----
   XDATA SIZE       =   ----    ----
   PDATA SIZE       =   ----    ----
   DATA SIZE        =   ----       2
   IDATA SIZE       =   ----    ----
   BIT SIZE         =   ----    ----
END OF MODULE INFORMATION.


C51 COMPILATION COMPLETE.  0 WARNING(S),  0 ERROR(S)
