C51 COMPILER V9.01   STEPMOTOR                                                             08/26/2016 15:00:27 PAGE 1   


C51 COMPILER V9.01, COMPILATION OF MODULE STEPMOTOR
OBJECT MODULE PLACED IN stepmotor.OBJ
COMPILER INVOKED BY: C:\Keil\C51\BIN\C51.EXE stepmotor.c BROWSE DEBUG OBJECTEXTEND

line level    source

   1          #include "stepmotor.h"
   2          #include <AT89X52.h>
   3          #include "digital_show.h"
   4          sbit IN_1 = P3^7;
   5          sbit IN_2 = P3^6;
   6          sbit IN_3 = P3^5;
   7          sbit IN_4 = P3^4;
   8          
   9          void StepForward(int step)
  10          {
  11   1              int i;
  12   1              int us = 1000;
  13   1              for(i = 0; i<step; i++)
  14   1              {
  15   2                      IN_1 = 1;
  16   2                      IN_2 = 1;
  17   2                      IN_3 = 0;
  18   2                      IN_4 = 0;
  19   2                      Delay(us);
  20   2                      IN_1 = 0;
  21   2                      IN_2 = 1;
  22   2                      IN_3 = 1;
  23   2                      IN_4 = 0;
  24   2                      Delay(us);
  25   2                      IN_1 = 0;
  26   2                      IN_2 = 0;
  27   2                      IN_3 = 1;
  28   2                      IN_4 = 1;
  29   2                      Delay(us);
  30   2                      IN_1 = 1;
  31   2                      IN_2 = 0;
  32   2                      IN_3 = 0;
  33   2                      IN_4 = 1;
  34   2                      Delay(us);
  35   2              }
  36   1      }
  37          
  38          
  39          void Speed(int speed);


MODULE INFORMATION:   STATIC OVERLAYABLE
   CODE SIZE        =    103    ----
   CONSTANT SIZE    =   ----    ----
   XDATA SIZE       =   ----    ----
   PDATA SIZE       =   ----    ----
   DATA SIZE        =   ----       6
   IDATA SIZE       =   ----    ----
   BIT SIZE         =   ----    ----
END OF MODULE INFORMATION.


C51 COMPILATION COMPLETE.  0 WARNING(S),  0 ERROR(S)
