C51 COMPILER V9.01   TEXT                                                                  01/29/2015 20:21:20 PAGE 1   


C51 COMPILER V9.01, COMPILATION OF MODULE TEXT
OBJECT MODULE PLACED IN text.OBJ
COMPILER INVOKED BY: C:\Keil\C51\BIN\C51.EXE text.c BROWSE DEBUG OBJECTEXTEND

line level    source

   1                    #include<AT89X51.H>
   2                     sbit bell=P1^0;
   3          
   4                    void main()
   5                    {
   6   1                      int i;
   7   1                      for(i=1000;i>0;i--)
   8   1                      {
   9   2                      bell=1;
  10   2                      bell=0;
  11   2                      }
  12   1      
  13   1                
  14   1                }
  15          
  16          
  17                      #include<AT89X51.H>
  18            sbit l1=P0^0;
  19            sbit k1=P3^5;
  20            sbit bell=P1^0;
*** ERROR C231 IN LINE 20 OF TEXT.C: 'bell': redefinition
  21          
  22            void delay2s()
  23            {
  24   1              int i,j,k;
  25   1              for(i=20;i>0;i--)
  26   1              for(j=20;j>0;j--)
  27   1              for(k=248;k>0;k--)
  28   1      ;
  29   1        }
  30          
  31            void bells()
  32            
  33            {int i,j;
  34   1        for(i=100;i>0;i--)
  35   1        for(j=400;j>0;j--)
  36   1        {
  37   2              bell=0;
  38   2              bell=1;
  39   2        }
  40   1        }
  41          
  42           void main()
  43           {
  44   1       int i;
  45   1       while(1)
  46   1       {
  47   2      if(k1==0)
  48   2              {
  49   3              for(i=8;i>0;i--)
  50   3           {
  51   4                      l1=0;
  52   4                      bells();
  53   4                      delay2s();
  54   4      
C51 COMPILER V9.01   TEXT                                                                  01/29/2015 20:21:20 PAGE 2   

  55   4                      l1=1;
  56   4                      bells();
  57   4                      delay2s();      
  58   4      
  59   4                      }
  60   3              }
  61   2      else
  62   2      l1=1;
  63   2       }
  64   1       }
*** ERROR C237 IN LINE 64 OF TEXT.C: 'main': function already has a body

C51 COMPILATION COMPLETE.  0 WARNING(S),  2 ERROR(S)
