C51 COMPILER V9.01   UART                                                                  08/26/2016 15:00:47 PAGE 1   


C51 COMPILER V9.01, COMPILATION OF MODULE UART
OBJECT MODULE PLACED IN uart.OBJ
COMPILER INVOKED BY: C:\Keil\C51\BIN\C51.EXE uart.c BROWSE DEBUG OBJECTEXTEND

line level    source

   1          #include "uart.h"
   2          
   3          
   4          #define                  I_LEN   8                  // size 
   5          unsigned char    in_start;      // start index
   6          unsigned char    in_end;        // rec
   7          char    idata    in_buf[I_LEN];
   8          
   9          #define          O_LEN   8
  10          unsigned char    out_start;
  11          unsigned char    out_end;
  12          char    idata    out_buf[O_LEN];
  13          
  14          bit bdata sen_ready_flag;
  15          bit bdata sen_full_flag;
  16          bit bdata rec_flag;
  17          sbit beep = P2^7;
  18          static void uart_interrupt (void) interrupt 4 using 1
  19          {
  20   1              
  21   1              //--------receve data ----------
  22   1              char temp;
  23   1              if (RI)
  24   1              {
  25   2                      temp = SBUF;
  26   2                      RI = 0;
  27   2                      beep = 1;
  28   2                      if ( in_start + I_LEN != in_end )  //接收缓冲区
  29   2                      {
  30   3                              in_buf[in_end++ &(I_LEN-1) ] = temp;
  31   3                              //if (In_End == 8) In_End == 0;
  32   3                              rec_flag = 1;
  33   3                      }
  34   2      
  35   2              }
  36   1      
  37   1              //----------send data -------------------
  38   1              if (TI)
  39   1              {
  40   2                      TI = 0;
  41   2                      if ( out_start != out_end )
  42   2                      {
  43   3                              SBUF = out_buf[out_start++ & (O_LEN-1)];
  44   3                              //if (out_start == O_LEN) out_start = 0;
  45   3                              sen_full_flag = 0;
  46   3                      }
  47   2                      else 
  48   2                      {
  49   3                              sen_ready_flag = 0; 
  50   3                      }
  51   2              }
  52   1      }
  53          
  54          //getchar()  gets()
  55          
C51 COMPILER V9.01   UART                                                                  08/26/2016 15:00:47 PAGE 2   

  56          char _getkey(void)
  57          {
  58   1              char temp;
  59   1              while (in_end == in_start);
  60   1              ES = 0;
  61   1              temp = in_buf[in_start++ &(I_LEN-1)];
  62   1              //if(in_start == I_LEN) in_start = 0;
  63   1              ES = 1;
  64   1              return (temp);  
  65   1      }
  66          
  67          void put_buf(char temp)
  68          {
  69   1              if (sen_full_flag == 0) //
  70   1              {
  71   2                      if (sen_ready_flag == 0)
  72   2                      {
  73   3                              sen_ready_flag = 1;
  74   3                              SBUF = temp;
  75   3                      }
  76   2                      else 
  77   2                      {
  78   3                              ES = 0;
  79   3                              out_buf[out_end++ & (O_LEN-1)] = temp;
  80   3                              //if (out_start == O_LEN) out_start = 0;
  81   3                              if (( out_end^out_start)&(O_LEN-1)==0 )
  82   3                              {
  83   4                                      sen_full_flag = 1;
  84   4                              }
  85   3                              ES = 1;
  86   3                      }
  87   2              }
  88   1                      
  89   1      } 
  90          
  91          
  92          //redefine putchar
  93          char putchar(char temp)
  94          {
  95   1              if ( temp == '\n')
  96   1              {
  97   2                      while(sen_full_flag == 1);
  98   2                      put_buf(0x0D);
  99   2              }
 100   1              while (sen_full_flag == 1);
 101   1              put_buf(temp);
 102   1      
 103   1              return temp;
 104   1      } 
 105          
 106          
 107          void uart_config_init()
 108          {
 109   1              in_start  = 0;
 110   1              in_end    = 0;
 111   1      
 112   1              out_start = 0;
 113   1              out_end   = 0;
 114   1              
 115   1              sen_full_flag  = 0;
 116   1              sen_ready_flag = 0;
 117   1      
C51 COMPILER V9.01   UART                                                                  08/26/2016 15:00:47 PAGE 3   

 118   1              TMOD |=0x20;   //设置定时器T/C1工作在方式2,
 119   1                                         //定时1工作于自动重载模式
 120   1              SCON=0x50;     //设置串行口工作方式1：
 121   1                                         //SCON格式 
 122   1                                         //|M0|M1|M2|REN|TB8|RB8|TI|RI
 123   1              TH1 = 0xF3;
 124   1              TL1 = 0xF3;
 125   1              EA  = 1;
 126   1              ES  = 1;
 127   1              TR1  = 1;
 128   1      }       
 129          
 130          void Uart_Init()
 131          {
 132   1              uart_config_init();
 133   1      }
*** WARNING C316 IN LINE 133 OF uart.c: unterminated conditionals


MODULE INFORMATION:   STATIC OVERLAYABLE
   CODE SIZE        =    189    ----
   CONSTANT SIZE    =   ----    ----
   XDATA SIZE       =   ----    ----
   PDATA SIZE       =   ----    ----
   DATA SIZE        =      4    ----
   IDATA SIZE       =     16    ----
   BIT SIZE         =      3    ----
END OF MODULE INFORMATION.


C51 COMPILATION COMPLETE.  1 WARNING(S),  0 ERROR(S)
